[ 2018-07-22T14:00:20+08:00 ] ::1 /
INFO: [ app_begin ] --START--
INFO: Run Behavior\ReadHtmlCache [ RunTime:0.000715s ]
INFO: [ app_begin ] --END-- [ RunTime:0.001153s ]
NOTIC: [8] Use of undefined constant COMPANY_NAME - assumed 'COMPANY_NAME' F:\xampp\Think\App\Home\Controller\IndexController.class.php 第 6 行.
NOTIC: [8] Use of undefined constant FOOTER_TEXT - assumed 'FOOTER_TEXT' F:\xampp\Think\App\Home\Controller\IndexController.class.php 第 7 行.
INFO: [ view_parse ] --START--
INFO: [ template_filter ] --START--
INFO: Run Behavior\ContentReplace [ RunTime:0.000021s ]
INFO: [ template_filter ] --END-- [ RunTime:0.000053s ]
INFO: Run Behavior\ParseTemplate [ RunTime:0.005267s ]
INFO: [ view_parse ] --END-- [ RunTime:0.005304s ]
INFO: [ view_filter ] --START--
INFO: Run Behavior\WriteHtmlCache [ RunTime:0.000471s ]
INFO: [ view_filter ] --END-- [ RunTime:0.000498s ]
INFO: [ app_end ] --START--
INFO: Run Behavior\ShowPageTrace [ RunTime:0.000653s ]
INFO: [ app_end ] --END-- [ RunTime:0.000681s ]

[ 2018-07-22T14:00:20+08:00 ] ::1 /Home/News/index
INFO: [ app_begin ] --START--
INFO: Run Behavior\ReadHtmlCache [ RunTime:0.000618s ]
INFO: [ app_begin ] --END-- [ RunTime:0.001014s ]
INFO: [ view_parse ] --START--
NOTIC: [2] ucfirst() expects parameter 1 to be string, array given F:\xampp\Think\ThinkPHP\Library\Think\Storage.class.php 第 36 行.
INFO: Run Behavior\ParseTemplate [ RunTime:0.000598s ]
INFO: [ view_parse ] --END-- [ RunTime:0.000636s ]
INFO: [ view_filter ] --START--
INFO: Run Behavior\WriteHtmlCache [ RunTime:0.000398s ]
INFO: [ view_filter ] --END-- [ RunTime:0.000418s ]
NOTIC: [8] Use of undefined constant news - assumed 'news' F:\xampp\Think\App\Home\Controller\NewsController.class.php 第 13 行.
SQL: SHOW COLUMNS FROM `aq_news` [ RunTime:0.003428s ]
SQL: SELECT * FROM `aq_news`  [ RunTime:0.000446s ]
INFO: [ view_parse ] --START--
INFO: [ template_filter ] --START--
INFO: Run Behavior\ContentReplace [ RunTime:0.000017s ]
INFO: [ template_filter ] --END-- [ RunTime:0.000052s ]
INFO: Run Behavior\ParseTemplate [ RunTime:0.006569s ]
INFO: [ view_parse ] --END-- [ RunTime:-0.011960s ]
INFO: [ view_filter ] --START--
INFO: Run Behavior\WriteHtmlCache [ RunTime:0.000007s ]
INFO: [ view_filter ] --END-- [ RunTime:-0.018149s ]
INFO: [ view_parse ] --START--
INFO: [ template_filter ] --START--
INFO: Run Behavior\ContentReplace [ RunTime:0.000011s ]
INFO: [ template_filter ] --END-- [ RunTime:-0.001623s ]
INFO: Run Behavior\ParseTemplate [ RunTime:0.001172s ]
INFO: [ view_parse ] --END-- [ RunTime:-0.018642s ]
INFO: [ view_filter ] --START--
INFO: Run Behavior\WriteHtmlCache [ RunTime:0.000006s ]
INFO: [ view_filter ] --END-- [ RunTime:-0.019425s ]
INFO: [ view_parse ] --START--
INFO: [ template_filter ] --START--
INFO: Run Behavior\ContentReplace [ RunTime:0.000030s ]
INFO: [ template_filter ] --END-- [ RunTime:-0.003594s ]
INFO: Run Behavior\ParseTemplate [ RunTime:0.002024s ]
INFO: [ view_parse ] --END-- [ RunTime:-0.019944s ]
INFO: [ view_filter ] --START--
INFO: Run Behavior\WriteHtmlCache [ RunTime:0.000006s ]
INFO: [ view_filter ] --END-- [ RunTime:-0.021586s ]
INFO: [ view_parse ] --START--
INFO: [ template_filter ] --START--
INFO: Run Behavior\ContentReplace [ RunTime:0.000009s ]
INFO: [ template_filter ] --END-- [ RunTime:-0.005053s ]
INFO: Run Behavior\ParseTemplate [ RunTime:0.001144s ]
INFO: [ view_parse ] --END-- [ RunTime:-0.022080s ]
INFO: [ view_filter ] --START--
INFO: Run Behavior\WriteHtmlCache [ RunTime:0.000005s ]
INFO: [ view_filter ] --END-- [ RunTime:-0.022832s ]
INFO: [ app_end ] --START--
INFO: Run Behavior\ShowPageTrace [ RunTime:0.000622s ]
INFO: [ app_end ] --END-- [ RunTime:0.000648s ]

[ 2018-07-22T14:00:20+08:00 ] ::1 /
INFO: [ app_begin ] --START--
INFO: Run Behavior\ReadHtmlCache [ RunTime:0.000629s ]
INFO: [ app_begin ] --END-- [ RunTime:0.001142s ]
NOTIC: [8] Use of undefined constant COMPANY_NAME - assumed 'COMPANY_NAME' F:\xampp\Think\App\Home\Controller\IndexController.class.php 第 6 行.
NOTIC: [8] Use of undefined constant FOOTER_TEXT - assumed 'FOOTER_TEXT' F:\xampp\Think\App\Home\Controller\IndexController.class.php 第 7 行.
INFO: [ view_parse ] --START--
INFO: [ template_filter ] --START--
INFO: Run Behavior\ContentReplace [ RunTime:0.000030s ]
INFO: [ template_filter ] --END-- [ RunTime:0.000075s ]
INFO: Run Behavior\ParseTemplate [ RunTime:0.005868s ]
INFO: [ view_parse ] --END-- [ RunTime:0.005912s ]
INFO: [ view_filter ] --START--
INFO: Run Behavior\WriteHtmlCache [ RunTime:0.000368s ]
INFO: [ view_filter ] --END-- [ RunTime:0.000403s ]
INFO: [ app_end ] --START--
INFO: Run Behavior\ShowPageTrace [ RunTime:0.000642s ]
INFO: [ app_end ] --END-- [ RunTime:0.000681s ]

[ 2018-07-22T14:00:20+08:00 ] ::1 /Home/News/index
INFO: [ app_begin ] --START--
INFO: Run Behavior\ReadHtmlCache [ RunTime:0.000418s ]
INFO: [ app_begin ] --END-- [ RunTime:0.000758s ]
INFO: [ view_parse ] --START--
NOTIC: [2] ucfirst() expects parameter 1 to be string, array given F:\xampp\Think\ThinkPHP\Library\Think\Storage.class.php 第 36 行.
INFO: Run Behavior\ParseTemplate [ RunTime:0.000255s ]
INFO: [ view_parse ] --END-- [ RunTime:0.000289s ]
INFO: [ view_filter ] --START--
INFO: Run Behavior\WriteHtmlCache [ RunTime:0.000236s ]
INFO: [ view_filter ] --END-- [ RunTime:0.000257s ]
NOTIC: [8] Use of undefined constant news - assumed 'news' F:\xampp\Think\App\Home\Controller\NewsController.class.php 第 13 行.
SQL: SHOW COLUMNS FROM `aq_news` [ RunTime:0.003042s ]
SQL: SELECT * FROM `aq_news`  [ RunTime:0.000382s ]
INFO: [ view_parse ] --START--
NOTIC: [2] ucfirst() expects parameter 1 to be string, array given F:\xampp\Think\ThinkPHP\Library\Think\Storage.class.php 第 36 行.
INFO: Run Behavior\ParseTemplate [ RunTime:0.000415s ]
INFO: [ view_parse ] --END-- [ RunTime:-0.009139s ]
INFO: [ view_filter ] --START--
INFO: Run Behavior\WriteHtmlCache [ RunTime:0.000007s ]
INFO: [ view_filter ] --END-- [ RunTime:-0.009328s ]
INFO: [ view_parse ] --START--
NOTIC: [2] ucfirst() expects parameter 1 to be string, array given F:\xampp\Think\ThinkPHP\Library\Think\Storage.class.php 第 36 行.
INFO: Run Behavior\ParseTemplate [ RunTime:0.000273s ]
INFO: [ view_parse ] --END-- [ RunTime:-0.009652s ]
INFO: [ view_filter ] --START--
INFO: Run Behavior\WriteHtmlCache [ RunTime:0.000005s ]
INFO: [ view_filter ] --END-- [ RunTime:-0.009687s ]
INFO: [ view_parse ] --START--
NOTIC: [2] ucfirst() expects parameter 1 to be string, array given F:\xampp\Think\ThinkPHP\Library\Think\Storage.class.php 第 36 行.
INFO: Run Behavior\ParseTemplate [ RunTime:0.000341s ]
INFO: [ view_parse ] --END-- [ RunTime:-0.010004s ]
INFO: [ view_filter ] --START--
INFO: Run Behavior\WriteHtmlCache [ RunTime:0.000005s ]
INFO: [ view_filter ] --END-- [ RunTime:-0.010108s ]
INFO: [ view_parse ] --START--
NOTIC: [2] ucfirst() expects parameter 1 to be string, array given F:\xampp\Think\ThinkPHP\Library\Think\Storage.class.php 第 36 行.
INFO: Run Behavior\ParseTemplate [ RunTime:0.000259s ]
INFO: [ view_parse ] --END-- [ RunTime:-0.010423s ]
INFO: [ view_filter ] --START--
INFO: Run Behavior\WriteHtmlCache [ RunTime:0.000005s ]
INFO: [ view_filter ] --END-- [ RunTime:-0.010451s ]
INFO: [ app_end ] --START--
INFO: Run Behavior\ShowPageTrace [ RunTime:0.000468s ]
INFO: [ app_end ] --END-- [ RunTime:0.000495s ]

[ 2018-07-22T14:00:20+08:00 ] ::1 /
INFO: [ app_begin ] --START--
INFO: Run Behavior\ReadHtmlCache [ RunTime:0.000362s ]
INFO: [ app_begin ] --END-- [ RunTime:0.000676s ]
NOTIC: [8] Use of undefined constant COMPANY_NAME - assumed 'COMPANY_NAME' F:\xampp\Think\App\Home\Controller\IndexController.class.php 第 6 行.
NOTIC: [8] Use of undefined constant FOOTER_TEXT - assumed 'FOOTER_TEXT' F:\xampp\Think\App\Home\Controller\IndexController.class.php 第 7 行.
INFO: [ view_parse ] --START--
INFO: [ template_filter ] --START--
INFO: Run Behavior\ContentReplace [ RunTime:0.000017s ]
INFO: [ template_filter ] --END-- [ RunTime:0.000042s ]
INFO: Run Behavior\ParseTemplate [ RunTime:0.003517s ]
INFO: [ view_parse ] --END-- [ RunTime:0.003541s ]
INFO: [ view_filter ] --START--
INFO: Run Behavior\WriteHtmlCache [ RunTime:0.000250s ]
INFO: [ view_filter ] --END-- [ RunTime:0.000271s ]
INFO: [ app_end ] --START--
INFO: Run Behavior\ShowPageTrace [ RunTime:0.000366s ]
INFO: [ app_end ] --END-- [ RunTime:0.000388s ]

[ 2018-07-22T14:00:21+08:00 ] ::1 /Home/News/index
INFO: [ app_begin ] --START--
INFO: Run Behavior\ReadHtmlCache [ RunTime:0.000418s ]
INFO: [ app_begin ] --END-- [ RunTime:0.000762s ]
INFO: [ view_parse ] --START--
NOTIC: [2] ucfirst() expects parameter 1 to be string, array given F:\xampp\Think\ThinkPHP\Library\Think\Storage.class.php 第 36 行.
INFO: Run Behavior\ParseTemplate [ RunTime:0.000260s ]
INFO: [ view_parse ] --END-- [ RunTime:0.000293s ]
INFO: [ view_filter ] --START--
INFO: Run Behavior\WriteHtmlCache [ RunTime:0.000241s ]
INFO: [ view_filter ] --END-- [ RunTime:0.000262s ]
NOTIC: [8] Use of undefined constant news - assumed 'news' F:\xampp\Think\App\Home\Controller\NewsController.class.php 第 13 行.
SQL: SHOW COLUMNS FROM `aq_news` [ RunTime:0.003195s ]
SQL: SELECT * FROM `aq_news`  [ RunTime:0.000455s ]
INFO: [ view_parse ] --START--
NOTIC: [2] ucfirst() expects parameter 1 to be string, array given F:\xampp\Think\ThinkPHP\Library\Think\Storage.class.php 第 36 行.
INFO: Run Behavior\ParseTemplate [ RunTime:0.000384s ]
INFO: [ view_parse ] --END-- [ RunTime:-0.009953s ]
INFO: [ view_filter ] --START--
INFO: Run Behavior\WriteHtmlCache [ RunTime:0.000012s ]
INFO: [ view_filter ] --END-- [ RunTime:-0.010129s ]
INFO: [ view_parse ] --START--
NOTIC: [2] ucfirst() expects parameter 1 to be string, array given F:\xampp\Think\ThinkPHP\Library\Think\Storage.class.php 第 36 行.
INFO: Run Behavior\ParseTemplate [ RunTime:0.000378s ]
INFO: [ view_parse ] --END-- [ RunTime:-0.010507s ]
INFO: [ view_filter ] --START--
INFO: Run Behavior\WriteHtmlCache [ RunTime:0.000005s ]
INFO: [ view_filter ] --END-- [ RunTime:-0.010660s ]
INFO: [ view_parse ] --START--
NOTIC: [2] ucfirst() expects parameter 1 to be string, array given F:\xampp\Think\ThinkPHP\Library\Think\Storage.class.php 第 36 行.
INFO: Run Behavior\ParseTemplate [ RunTime:0.000296s ]
INFO: [ view_parse ] --END-- [ RunTime:-0.010982s ]
INFO: [ view_filter ] --START--
INFO: Run Behavior\WriteHtmlCache [ RunTime:0.000004s ]
INFO: [ view_filter ] --END-- [ RunTime:-0.011031s ]
INFO: [ view_parse ] --START--
NOTIC: [2] ucfirst() expects parameter 1 to be string, array given F:\xampp\Think\ThinkPHP\Library\Think\Storage.class.php 第 36 行.
INFO: Run Behavior\ParseTemplate [ RunTime:0.000213s ]
INFO: [ view_parse ] --END-- [ RunTime:-0.011348s ]
INFO: [ view_filter ] --START--
INFO: Run Behavior\WriteHtmlCache [ RunTime:0.000004s ]
INFO: [ view_filter ] --END-- [ RunTime:-0.011314s ]
INFO: [ app_end ] --START--
INFO: Run Behavior\ShowPageTrace [ RunTime:0.000872s ]
INFO: [ app_end ] --END-- [ RunTime:0.000906s ]

[ 2018-07-22T14:00:21+08:00 ] ::1 /Home/Dengbao/zzdj
INFO: [ app_begin ] --START--
INFO: Run Behavior\ReadHtmlCache [ RunTime:0.000404s ]
INFO: [ app_begin ] --END-- [ RunTime:0.000734s ]
INFO: [ view_parse ] --START--
INFO: [ template_filter ] --START--
INFO: Run Behavior\ContentReplace [ RunTime:0.000010s ]
INFO: [ template_filter ] --END-- [ RunTime:0.000033s ]
INFO: Run Behavior\ParseTemplate [ RunTime:0.003216s ]
INFO: [ view_parse ] --END-- [ RunTime:0.003241s ]
INFO: [ view_filter ] --START--
INFO: Run Behavior\WriteHtmlCache [ RunTime:0.000220s ]
INFO: [ view_filter ] --END-- [ RunTime:0.000239s ]
INFO: [ app_end ] --START--
INFO: Run Behavior\ShowPageTrace [ RunTime:0.000387s ]
INFO: [ app_end ] --END-- [ RunTime:0.000409s ]

[ 2018-07-22T14:00:23+08:00 ] ::1 /Home/Dengbao/dbzc
INFO: [ app_begin ] --START--
INFO: Run Behavior\ReadHtmlCache [ RunTime:0.000380s ]
INFO: [ app_begin ] --END-- [ RunTime:0.000662s ]
INFO: [ view_parse ] --START--
INFO: [ template_filter ] --START--
INFO: Run Behavior\ContentReplace [ RunTime:0.000010s ]
INFO: [ template_filter ] --END-- [ RunTime:0.000033s ]
INFO: Run Behavior\ParseTemplate [ RunTime:0.003295s ]
INFO: [ view_parse ] --END-- [ RunTime:0.003327s ]
INFO: [ view_filter ] --START--
INFO: Run Behavior\WriteHtmlCache [ RunTime:0.000251s ]
INFO: [ view_filter ] --END-- [ RunTime:0.000272s ]
INFO: [ app_end ] --START--
INFO: Run Behavior\ShowPageTrace [ RunTime:0.000431s ]
INFO: [ app_end ] --END-- [ RunTime:0.000453s ]

[ 2018-07-22T14:00:23+08:00 ] ::1 /Home/Dengbao/dbmn
INFO: [ app_begin ] --START--
INFO: Run Behavior\ReadHtmlCache [ RunTime:0.000392s ]
INFO: [ app_begin ] --END-- [ RunTime:0.000692s ]
INFO: [ view_parse ] --START--
INFO: [ template_filter ] --START--
INFO: Run Behavior\ContentReplace [ RunTime:0.000013s ]
INFO: [ template_filter ] --END-- [ RunTime:0.000040s ]
INFO: Run Behavior\ParseTemplate [ RunTime:0.003330s ]
INFO: [ view_parse ] --END-- [ RunTime:0.003356s ]
INFO: [ view_filter ] --START--
INFO: Run Behavior\WriteHtmlCache [ RunTime:0.000226s ]
INFO: [ view_filter ] --END-- [ RunTime:0.000245s ]
INFO: [ app_end ] --START--
INFO: Run Behavior\ShowPageTrace [ RunTime:0.000386s ]
INFO: [ app_end ] --END-- [ RunTime:0.000408s ]

[ 2018-07-22T14:00:24+08:00 ] ::1 /Home/Wiki/wiki
INFO: [ app_begin ] --START--
INFO: Run Behavior\ReadHtmlCache [ RunTime:0.000383s ]
INFO: [ app_begin ] --END-- [ RunTime:0.000675s ]
INFO: [ view_parse ] --START--
INFO: [ template_filter ] --START--
INFO: Run Behavior\ContentReplace [ RunTime:0.000011s ]
INFO: [ template_filter ] --END-- [ RunTime:0.000036s ]
INFO: Run Behavior\ParseTemplate [ RunTime:0.003282s ]
INFO: [ view_parse ] --END-- [ RunTime:0.003310s ]
INFO: [ view_filter ] --START--
INFO: Run Behavior\WriteHtmlCache [ RunTime:0.000226s ]
INFO: [ view_filter ] --END-- [ RunTime:0.000245s ]
INFO: [ app_end ] --START--
INFO: Run Behavior\ShowPageTrace [ RunTime:0.000385s ]
INFO: [ app_end ] --END-- [ RunTime:0.000406s ]

[ 2018-07-22T14:00:25+08:00 ] ::1 /Home/About/about
INFO: [ app_begin ] --START--
INFO: Run Behavior\ReadHtmlCache [ RunTime:0.000440s ]
INFO: [ app_begin ] --END-- [ RunTime:0.000863s ]
INFO: [ view_parse ] --START--
INFO: [ template_filter ] --START--
INFO: Run Behavior\ContentReplace [ RunTime:0.000012s ]
INFO: [ template_filter ] --END-- [ RunTime:0.000036s ]
INFO: Run Behavior\ParseTemplate [ RunTime:0.003497s ]
INFO: [ view_parse ] --END-- [ RunTime:0.003531s ]
INFO: [ view_filter ] --START--
INFO: Run Behavior\WriteHtmlCache [ RunTime:0.000246s ]
INFO: [ view_filter ] --END-- [ RunTime:0.000268s ]
INFO: [ app_end ] --START--
INFO: Run Behavior\ShowPageTrace [ RunTime:0.000434s ]
INFO: [ app_end ] --END-- [ RunTime:0.000458s ]

[ 2018-07-22T14:00:26+08:00 ] ::1 /
INFO: [ app_begin ] --START--
INFO: Run Behavior\ReadHtmlCache [ RunTime:0.000376s ]
INFO: [ app_begin ] --END-- [ RunTime:0.000658s ]
NOTIC: [8] Use of undefined constant COMPANY_NAME - assumed 'COMPANY_NAME' F:\xampp\Think\App\Home\Controller\IndexController.class.php 第 6 行.
NOTIC: [8] Use of undefined constant FOOTER_TEXT - assumed 'FOOTER_TEXT' F:\xampp\Think\App\Home\Controller\IndexController.class.php 第 7 行.
INFO: [ view_parse ] --START--
INFO: [ template_filter ] --START--
INFO: Run Behavior\ContentReplace [ RunTime:0.000020s ]
INFO: [ template_filter ] --END-- [ RunTime:0.000048s ]
INFO: Run Behavior\ParseTemplate [ RunTime:0.003521s ]
INFO: [ view_parse ] --END-- [ RunTime:0.003547s ]
INFO: [ view_filter ] --START--
INFO: Run Behavior\WriteHtmlCache [ RunTime:0.000230s ]
INFO: [ view_filter ] --END-- [ RunTime:0.000253s ]
INFO: [ app_end ] --START--
INFO: Run Behavior\ShowPageTrace [ RunTime:0.000389s ]
INFO: [ app_end ] --END-- [ RunTime:0.000412s ]

[ 2018-07-22T14:00:26+08:00 ] ::1 /Home/News/index
INFO: [ app_begin ] --START--
INFO: Run Behavior\ReadHtmlCache [ RunTime:0.000383s ]
INFO: [ app_begin ] --END-- [ RunTime:0.000676s ]
INFO: [ view_parse ] --START--
NOTIC: [2] ucfirst() expects parameter 1 to be string, array given F:\xampp\Think\ThinkPHP\Library\Think\Storage.class.php 第 36 行.
INFO: Run Behavior\ParseTemplate [ RunTime:0.000242s ]
INFO: [ view_parse ] --END-- [ RunTime:0.000267s ]
INFO: [ view_filter ] --START--
INFO: Run Behavior\WriteHtmlCache [ RunTime:0.000220s ]
INFO: [ view_filter ] --END-- [ RunTime:0.000240s ]
NOTIC: [8] Use of undefined constant news - assumed 'news' F:\xampp\Think\App\Home\Controller\NewsController.class.php 第 13 行.
SQL: SHOW COLUMNS FROM `aq_news` [ RunTime:0.003062s ]
SQL: SELECT * FROM `aq_news`  [ RunTime:0.000358s ]
INFO: [ view_parse ] --START--
NOTIC: [2] ucfirst() expects parameter 1 to be string, array given F:\xampp\Think\ThinkPHP\Library\Think\Storage.class.php 第 36 行.
INFO: Run Behavior\ParseTemplate [ RunTime:0.000323s ]
INFO: [ view_parse ] --END-- [ RunTime:-0.009383s ]
INFO: [ view_filter ] --START--
INFO: Run Behavior\WriteHtmlCache [ RunTime:0.000005s ]
INFO: [ view_filter ] --END-- [ RunTime:-0.009487s ]
INFO: [ view_parse ] --START--
NOTIC: [2] ucfirst() expects parameter 1 to be string, array given F:\xampp\Think\ThinkPHP\Library\Think\Storage.class.php 第 36 行.
INFO: Run Behavior\ParseTemplate [ RunTime:0.000272s ]
INFO: [ view_parse ] --END-- [ RunTime:-0.009791s ]
INFO: [ view_filter ] --START--
INFO: Run Behavior\WriteHtmlCache [ RunTime:0.000004s ]
INFO: [ view_filter ] --END-- [ RunTime:-0.009840s ]
INFO: [ view_parse ] --START--
NOTIC: [2] ucfirst() expects parameter 1 to be string, array given F:\xampp\Think\ThinkPHP\Library\Think\Storage.class.php 第 36 行.
INFO: Run Behavior\ParseTemplate [ RunTime:0.000281s ]
INFO: [ view_parse ] --END-- [ RunTime:-0.010136s ]
INFO: [ view_filter ] --START--
INFO: Run Behavior\WriteHtmlCache [ RunTime:0.000004s ]
INFO: [ view_filter ] --END-- [ RunTime:-0.010192s ]
INFO: [ view_parse ] --START--
NOTIC: [2] ucfirst() expects parameter 1 to be string, array given F:\xampp\Think\ThinkPHP\Library\Think\Storage.class.php 第 36 行.
INFO: Run Behavior\ParseTemplate [ RunTime:0.000347s ]
INFO: [ view_parse ] --END-- [ RunTime:-0.010486s ]
INFO: [ view_filter ] --START--
INFO: Run Behavior\WriteHtmlCache [ RunTime:0.000005s ]
INFO: [ view_filter ] --END-- [ RunTime:-0.010618s ]
INFO: [ app_end ] --START--
INFO: Run Behavior\ShowPageTrace [ RunTime:0.000434s ]
INFO: [ app_end ] --END-- [ RunTime:0.000456s ]

[ 2018-07-22T14:00:31+08:00 ] ::1 /
INFO: [ app_begin ] --START--
INFO: Run Behavior\ReadHtmlCache [ RunTime:0.000767s ]
INFO: [ app_begin ] --END-- [ RunTime:0.001335s ]
NOTIC: [8] Use of undefined constant COMPANY_NAME - assumed 'COMPANY_NAME' F:\xampp\Think\App\Home\Controller\IndexController.class.php 第 6 行.
NOTIC: [8] Use of undefined constant FOOTER_TEXT - assumed 'FOOTER_TEXT' F:\xampp\Think\App\Home\Controller\IndexController.class.php 第 7 行.
INFO: [ view_parse ] --START--
INFO: [ template_filter ] --START--
INFO: Run Behavior\ContentReplace [ RunTime:0.000023s ]
INFO: [ template_filter ] --END-- [ RunTime:0.000056s ]
INFO: Run Behavior\ParseTemplate [ RunTime:0.009140s ]
INFO: [ view_parse ] --END-- [ RunTime:0.009179s ]
INFO: [ view_filter ] --START--
INFO: Run Behavior\WriteHtmlCache [ RunTime:0.000266s ]
INFO: [ view_filter ] --END-- [ RunTime:0.000291s ]
INFO: [ app_end ] --START--
INFO: Run Behavior\ShowPageTrace [ RunTime:0.000445s ]
INFO: [ app_end ] --END-- [ RunTime:0.000473s ]

[ 2018-07-22T14:00:31+08:00 ] ::1 /Home/News/index
INFO: [ app_begin ] --START--
INFO: Run Behavior\ReadHtmlCache [ RunTime:0.000436s ]
INFO: [ app_begin ] --END-- [ RunTime:0.000791s ]
INFO: [ view_parse ] --START--
NOTIC: [2] ucfirst() expects parameter 1 to be string, array given F:\xampp\Think\ThinkPHP\Library\Think\Storage.class.php 第 36 行.
INFO: Run Behavior\ParseTemplate [ RunTime:0.000256s ]
INFO: [ view_parse ] --END-- [ RunTime:0.000287s ]
INFO: [ view_filter ] --START--
INFO: Run Behavior\WriteHtmlCache [ RunTime:0.000224s ]
INFO: [ view_filter ] --END-- [ RunTime:0.000242s ]
NOTIC: [8] Use of undefined constant news - assumed 'news' F:\xampp\Think\App\Home\Controller\NewsController.class.php 第 13 行.
SQL: SHOW COLUMNS FROM `aq_news` [ RunTime:0.002903s ]
SQL: SELECT * FROM `aq_news`  [ RunTime:0.000292s ]
INFO: [ view_parse ] --START--
NOTIC: [2] ucfirst() expects parameter 1 to be string, array given F:\xampp\Think\ThinkPHP\Library\Think\Storage.class.php 第 36 行.
INFO: Run Behavior\ParseTemplate [ RunTime:0.000316s ]
INFO: [ view_parse ] --END-- [ RunTime:-0.009098s ]
INFO: [ view_filter ] --START--
INFO: Run Behavior\WriteHtmlCache [ RunTime:0.000005s ]
INFO: [ view_filter ] --END-- [ RunTime:-0.009196s ]
INFO: [ view_parse ] --START--
NOTIC: [2] ucfirst() expects parameter 1 to be string, array given F:\xampp\Think\ThinkPHP\Library\Think\Storage.class.php 第 36 行.
INFO: Run Behavior\ParseTemplate [ RunTime:0.000300s ]
INFO: [ view_parse ] --END-- [ RunTime:-0.009498s ]
INFO: [ view_filter ] --START--
INFO: Run Behavior\WriteHtmlCache [ RunTime:0.000005s ]
INFO: [ view_filter ] --END-- [ RunTime:-0.009577s ]
INFO: [ view_parse ] --START--
NOTIC: [2] ucfirst() expects parameter 1 to be string, array given F:\xampp\Think\ThinkPHP\Library\Think\Storage.class.php 第 36 行.
INFO: Run Behavior\ParseTemplate [ RunTime:0.000304s ]
INFO: [ view_parse ] --END-- [ RunTime:-0.009880s ]
INFO: [ view_filter ] --START--
INFO: Run Behavior\WriteHtmlCache [ RunTime:0.000004s ]
INFO: [ view_filter ] --END-- [ RunTime:-0.009961s ]
INFO: [ view_parse ] --START--
NOTIC: [2] ucfirst() expects parameter 1 to be string, array given F:\xampp\Think\ThinkPHP\Library\Think\Storage.class.php 第 36 行.
INFO: Run Behavior\ParseTemplate [ RunTime:0.000212s ]
INFO: [ view_parse ] --END-- [ RunTime:-0.010259s ]
INFO: [ view_filter ] --START--
INFO: Run Behavior\WriteHtmlCache [ RunTime:0.000004s ]
INFO: [ view_filter ] --END-- [ RunTime:-0.010246s ]
INFO: [ app_end ] --START--
INFO: Run Behavior\ShowPageTrace [ RunTime:0.000422s ]
INFO: [ app_end ] --END-- [ RunTime:0.000445s ]

[ 2018-07-22T14:00:31+08:00 ] ::1 /
INFO: [ app_begin ] --START--
INFO: Run Behavior\ReadHtmlCache [ RunTime:0.000382s ]
INFO: [ app_begin ] --END-- [ RunTime:0.000674s ]
NOTIC: [8] Use of undefined constant COMPANY_NAME - assumed 'COMPANY_NAME' F:\xampp\Think\App\Home\Controller\IndexController.class.php 第 6 行.
NOTIC: [8] Use of undefined constant FOOTER_TEXT - assumed 'FOOTER_TEXT' F:\xampp\Think\App\Home\Controller\IndexController.class.php 第 7 行.
INFO: [ view_parse ] --START--
INFO: [ template_filter ] --START--
INFO: Run Behavior\ContentReplace [ RunTime:0.000021s ]
INFO: [ template_filter ] --END-- [ RunTime:0.000057s ]
INFO: Run Behavior\ParseTemplate [ RunTime:0.003887s ]
INFO: [ view_parse ] --END-- [ RunTime:0.003935s ]
INFO: [ view_filter ] --START--
INFO: Run Behavior\WriteHtmlCache [ RunTime:0.000342s ]
INFO: [ view_filter ] --END-- [ RunTime:0.000371s ]
INFO: [ app_end ] --START--
INFO: Run Behavior\ShowPageTrace [ RunTime:0.000479s ]
INFO: [ app_end ] --END-- [ RunTime:0.000509s ]

[ 2018-07-22T14:00:31+08:00 ] ::1 /Home/News/index
INFO: [ app_begin ] --START--
INFO: Run Behavior\ReadHtmlCache [ RunTime:0.000411s ]
INFO: [ app_begin ] --END-- [ RunTime:0.000758s ]
INFO: [ view_parse ] --START--
NOTIC: [2] ucfirst() expects parameter 1 to be string, array given F:\xampp\Think\ThinkPHP\Library\Think\Storage.class.php 第 36 行.
INFO: Run Behavior\ParseTemplate [ RunTime:0.000293s ]
INFO: [ view_parse ] --END-- [ RunTime:0.000329s ]
INFO: [ view_filter ] --START--
INFO: Run Behavior\WriteHtmlCache [ RunTime:0.000255s ]
INFO: [ view_filter ] --END-- [ RunTime:0.000275s ]
NOTIC: [8] Use of undefined constant news - assumed 'news' F:\xampp\Think\App\Home\Controller\NewsController.class.php 第 13 行.
SQL: SHOW COLUMNS FROM `aq_news` [ RunTime:0.005867s ]
SQL: SELECT * FROM `aq_news`  [ RunTime:0.000737s ]
INFO: [ view_parse ] --START--
NOTIC: [2] ucfirst() expects parameter 1 to be string, array given F:\xampp\Think\ThinkPHP\Library\Think\Storage.class.php 第 36 行.
INFO: Run Behavior\ParseTemplate [ RunTime:0.000417s ]
INFO: [ view_parse ] --END-- [ RunTime:-0.012441s ]
INFO: [ view_filter ] --START--
INFO: Run Behavior\WriteHtmlCache [ RunTime:0.000005s ]
INFO: [ view_filter ] --END-- [ RunTime:-0.012612s ]
INFO: [ view_parse ] --START--
NOTIC: [2] ucfirst() expects parameter 1 to be string, array given F:\xampp\Think\ThinkPHP\Library\Think\Storage.class.php 第 36 行.
INFO: Run Behavior\ParseTemplate [ RunTime:0.000270s ]
INFO: [ view_parse ] --END-- [ RunTime:-0.012950s ]
INFO: [ view_filter ] --START--
INFO: Run Behavior\WriteHtmlCache [ RunTime:0.000006s ]
INFO: [ view_filter ] --END-- [ RunTime:-0.012965s ]
INFO: [ view_parse ] --START--
NOTIC: [2] ucfirst() expects parameter 1 to be string, array given F:\xampp\Think\ThinkPHP\Library\Think\Storage.class.php 第 36 行.
INFO: Run Behavior\ParseTemplate [ RunTime:0.000311s ]
INFO: [ view_parse ] --END-- [ RunTime:-0.013302s ]
INFO: [ view_filter ] --START--
INFO: Run Behavior\WriteHtmlCache [ RunTime:0.000005s ]
INFO: [ view_filter ] --END-- [ RunTime:-0.013358s ]
INFO: [ view_parse ] --START--
NOTIC: [2] ucfirst() expects parameter 1 to be string, array given F:\xampp\Think\ThinkPHP\Library\Think\Storage.class.php 第 36 行.
INFO: Run Behavior\ParseTemplate [ RunTime:0.000230s ]
INFO: [ view_parse ] --END-- [ RunTime:-0.013689s ]
INFO: [ view_filter ] --START--
INFO: Run Behavior\WriteHtmlCache [ RunTime:0.000005s ]
INFO: [ view_filter ] --END-- [ RunTime:-0.013661s ]
INFO: [ app_end ] --START--
INFO: Run Behavior\ShowPageTrace [ RunTime:0.000436s ]
INFO: [ app_end ] --END-- [ RunTime:0.000460s ]

